
=== Sun Oct  6 18:54:04 2019

Packages were changed.
Update Mode: updateDependencies

The following packages were added:
  com.unity.timeline@1.0.0
  com.unity.multiplayer-hlapi@1.0.2
  com.unity.xr.legacyinputhelpers@2.0.2
The following packages were updated:
  com.unity.analytics from version 3.2.2 to 3.3.2
  com.unity.collab-proxy from version 1.2.15 to 1.2.16
  com.unity.package-manager-ui from version 2.0.7 to 2.1.2
  com.unity.purchasing from version 2.0.3 to 2.0.6
  com.unity.textmeshpro from version 1.4.1 to 2.0.1

=== Fri Oct 16 18:55:04 2020

Packages were changed.
Update Mode: updateDependencies

The following packages were added:
  com.unity.2d.sprite@1.0.0
  com.unity.2d.tilemap@1.0.0
  com.unity.ide.rider@1.2.1
  com.unity.ide.visualstudio@2.0.2
  com.unity.ide.vscode@1.2.1
  com.unity.modules.androidjni@1.0.0
  com.unity.test-framework@1.1.16
  com.unity.ugui@1.0.0
The following packages were updated:
  com.unity.ads from version 2.0.8 to 3.4.7
  com.unity.analytics from version 3.3.2 to 3.3.5
  com.unity.collab-proxy from version 1.2.16 to 1.3.8
  com.unity.textmeshpro from version 2.0.1 to 3.0.1
  com.unity.timeline from version 1.0.0 to 1.2.6
  com.unity.xr.legacyinputhelpers from version 2.0.2 to 2.1.4
The following packages were removed:
  com.unity.package-manager-ui@2.1.2

=== Sun Mar 20 18:36:14 2022

Packages were changed.
Update Mode: updateDependencies

The following packages were updated:
  com.unity.ads from version 3.4.7 to 3.7.5
  com.unity.analytics from version 3.3.5 to 3.6.11
  com.unity.collab-proxy from version 1.3.8 to 1.13.5
  com.unity.ide.rider from version 1.2.1 to 3.0.7
  com.unity.ide.visualstudio from version 2.0.2 to 2.0.11
  com.unity.ide.vscode from version 1.2.1 to 1.2.4
  com.unity.purchasing from version 2.0.6 to 4.0.3
  com.unity.test-framework from version 1.1.16 to 1.1.29
  com.unity.textmeshpro from version 3.0.1 to 3.0.6
  com.unity.timeline from version 1.2.6 to 1.6.2
  com.unity.xr.legacyinputhelpers from version 2.1.4 to 2.1.8
The following packages were removed:
  com.unity.multiplayer-hlapi@1.0.6
